info @storybook/react v6.5.16
info 
info => Cleaning outputDir: /tmp/chromatic--17776-V3v57ITG2XEn
info => Loading presets
info => Compiling manager..
info => Compiling preview..
info Addon-docs: using MDX1
info => Using implicit CSS loaders
info => Using default Webpack5 setup
<s> [webpack.Progress] 0% 

<s> [webpack.Progress] 1% setup before run
<s> [webpack.Progress] 1% setup before run NodeEnvironmentPlugin
<s> [webpack.Progress] 1% setup before run
<s> [webpack.Progress] 2% setup run
<s> [webpack.Progress] 2% setup run
<s> [webpack.Progress] 4% setup normal module factory
<s> [webpack.Progress] 4% setup normal module factory CaseSensitivePathsPlugin
<s> [webpack.Progress] 4% setup normal module factory
<s> [webpack.Progress] 5% setup context module factory
<s> [webpack.Progress] 5% setup context module factory
<s> [webpack.Progress] 6% setup before compile
<s> [webpack.Progress] 6% setup before compile ProgressPlugin
<s> [webpack.Progress] 6% setup before compile
<s> [webpack.Progress] 7% setup compile
<s> [webpack.Progress] 7% setup compile ExternalsPlugin
<s> [webpack.Progress] 7% setup compile
<s> [webpack.Progress] 8% setup compilation
<s> [webpack.Progress] 8% setup compilation ArrayPushCallbackChunkFormatPlugin
<s> [webpack.Progress] 8% setup compilation JsonpChunkLoadingPlugin
<s> [webpack.Progress] 8% setup compilation StartupChunkDependenciesPlugin
<s> [webpack.Progress] 8% setup compilation ImportScriptsChunkLoadingPlugin
<s> [webpack.Progress] 8% setup compilation FetchCompileWasmPlugin
<s> [webpack.Progress] 8% setup compilation FetchCompileAsyncWasmPlugin
<s> [webpack.Progress] 8% setup compilation WorkerPlugin
<s> [webpack.Progress] 8% setup compilation SplitChunksPlugin
<s> [webpack.Progress] 8% setup compilation RuntimeChunkPlugin
<s> [webpack.Progress] 8% setup compilation ResolverCachePlugin
<s> [webpack.Progress] 8% setup compilation HtmlWebpackPlugin
<s> [webpack.Progress] 8% setup compilation
<s> [webpack.Progress] 9% setup compilation
<s> [webpack.Progress] 9% setup compilation DefinePlugin
<s> [webpack.Progress] 9% setup compilation ProvidePlugin
<s> [webpack.Progress] 9% setup compilation ProgressPlugin
<s> [webpack.Progress] 9% setup compilation DocGenPlugin
<s> [webpack.Progress] 9% setup compilation ChunkPrefetchPreloadPlugin
<s> [webpack.Progress] 9% setup compilation SourceMapDevToolPlugin
<s> [webpack.Progress] 9% setup compilation JavascriptModulesPlugin
<s> [webpack.Progress] 9% setup compilation JsonModulesPlugin
<s> [webpack.Progress] 9% setup compilation AssetModulesPlugin
<s> [webpack.Progress] 9% setup compilation EntryPlugin
<s> [webpack.Progress] 9% setup compilation EntryPlugin
<s> [webpack.Progress] 9% setup compilation EntryPlugin
<s> [webpack.Progress] 9% setup compilation EntryPlugin
<s> [webpack.Progress] 9% setup compilation EntryPlugin
<s> [webpack.Progress] 9% setup compilation EntryPlugin
<s> [webpack.Progress] 9% setup compilation EntryPlugin
<s> [webpack.Progress] 9% setup compilation EntryPlugin
<s> [webpack.Progress] 9% setup compilation EntryPlugin
<s> [webpack.Progress] 9% setup compilation EntryPlugin
<s> [webpack.Progress] 9% setup compilation EntryPlugin
<s> [webpack.Progress] 9% setup compilation EntryPlugin
<s> [webpack.Progress] 9% setup compilation EntryPlugin
<s> [webpack.Progress] 9% setup compilation EntryPlugin
<s> [webpack.Progress] 9% setup compilation RuntimePlugin
<s> [webpack.Progress] 9% setup compilation InferAsyncModulesPlugin
<s> [webpack.Progress] 9% setup compilation DataUriPlugin
<s> [webpack.Progress] 9% setup compilation FileUriPlugin
<s> [webpack.Progress] 9% setup compilation CompatibilityPlugin
<s> [webpack.Progress] 9% setup compilation HarmonyModulesPlugin
<s> [webpack.Progress] 9% setup compilation AMDPlugin
<s> [webpack.Progress] 9% setup compilation RequireJsStuffPlugin
<s> [webpack.Progress] 9% setup compilation CommonJsPlugin
<s> [webpack.Progress] 9% setup compilation LoaderPlugin
<s> [webpack.Progress] 9% setup compilation LoaderPlugin
<s> [webpack.Progress] 9% setup compilation NodeStuffPlugin
<s> [webpack.Progress] 9% setup compilation APIPlugin
<s> [webpack.Progress] 9% setup compilation ExportsInfoApiPlugin
<s> [webpack.Progress] 9% setup compilation WebpackIsIncludedPlugin
<s> [webpack.Progress] 9% setup compilation ConstPlugin
<s> [webpack.Progress] 9% setup compilation UseStrictPlugin
<s> [webpack.Progress] 9% setup compilation RequireIncludePlugin
<s> [webpack.Progress] 9% setup compilation RequireEnsurePlugin
<s> [webpack.Progress] 9% setup compilation RequireContextPlugin
<s> [webpack.Progress] 9% setup compilation ImportPlugin
<s> [webpack.Progress] 9% setup compilation RequireContextPlugin
<s> [webpack.Progress] 9% setup compilation SystemPlugin
<s> [webpack.Progress] 9% setup compilation ImportMetaPlugin
<s> [webpack.Progress] 9% setup compilation URLPlugin
<s> [webpack.Progress] 9% setup compilation DefaultStatsFactoryPlugin
<s> [webpack.Progress] 9% setup compilation DefaultStatsPresetPlugin
<s> [webpack.Progress] 9% setup compilation DefaultStatsPrinterPlugin
<s> [webpack.Progress] 9% setup compilation JavascriptMetaInfoPlugin
<s> [webpack.Progress] 9% setup compilation EnsureChunkConditionsPlugin
<s> [webpack.Progress] 9% setup compilation RemoveEmptyChunksPlugin
<s> [webpack.Progress] 9% setup compilation MergeDuplicateChunksPlugin
<s> [webpack.Progress] 9% setup compilation FlagIncludedChunksPlugin
<s> [webpack.Progress] 9% setup compilation SideEffectsFlagPlugin
<s> [webpack.Progress] 9% setup compilation FlagDependencyExportsPlugin
<s> [webpack.Progress] 9% setup compilation FlagDependencyUsagePlugin
<s> [webpack.Progress] 9% setup compilation InnerGraphPlugin
<s> [webpack.Progress] 9% setup compilation MangleExportsPlugin
<s> [webpack.Progress] 9% setup compilation ModuleConcatenationPlugin
<s> [webpack.Progress] 9% setup compilation NoEmitOnErrorsPlugin
<s> [webpack.Progress] 9% setup compilation RealContentHashPlugin
<s> [webpack.Progress] 9% setup compilation WasmFinalizeExportsPlugin
<s> [webpack.Progress] 9% setup compilation NamedModuleIdsPlugin
<s> [webpack.Progress] 9% setup compilation DeterministicChunkIdsPlugin
<s> [webpack.Progress] 9% setup compilation DefinePlugin
<s> [webpack.Progress] 9% setup compilation TerserPlugin
<s> [webpack.Progress] 9% setup compilation TemplatedPathPlugin
<s> [webpack.Progress] 9% setup compilation RecordIdsPlugin
<s> [webpack.Progress] 9% setup compilation WarnCaseSensitiveModulesPlugin
<s> [webpack.Progress] 9% setup compilation IgnoreWarningsPlugin
<s> [webpack.Progress] 9% setup compilation
<s> [webpack.Progress] 10% building
<s> [webpack.Progress] 10% building 0/1 entries 0/0 dependencies 0/0 modules
<s> [webpack.Progress] 10% building import loader ./node_modules/babel-loader/lib/index.js
<s> [webpack.Progress] 10% building 0/14 entries 13/32 dependencies 0/12 modules
<s> [webpack.Progress] 13% building 1/14 entries 27/67 dependencies 1/24 modules
<s> [webpack.Progress] 13% building import loader ./node_modules/@storybook/mdx1-csf/loader.js
<s> [webpack.Progress] 13% building 1/14 entries 31/67 dependencies 1/28 modules
<s> [webpack.Progress] 13% building import loader ./node_modules/@storybook/source-loader/dist/cjs/index.js
<s> [webpack.Progress] 13% building 1/14 entries 41/72 dependencies 1/38 modules
<s> [webpack.Progress] 17% building 2/14 entries 578/805 dependencies 21/260 modules
<s> [webpack.Progress] 17% building 2/14 entries 1300/1568 dependencies 91/384 modules
<s> [webpack.Progress] 17% building import loader ./node_modules/@storybook/builder-webpack5/node_modules/style-loader/dist/cjs.js
<s> [webpack.Progress] 17% building import loader ./node_modules/@storybook/builder-webpack5/node_modules/css-loader/dist/cjs.js
<s> [webpack.Progress] 17% building 2/14 entries 1503/1568 dependencies 99/405 modules
<s> [webpack.Progress] 17% building 2/14 entries 2276/2324 dependencies 303/500 modules
<s> [webpack.Progress] 17% building 2/14 entries 2700/2784 dependencies 371/547 modules
<s> [webpack.Progress] 17% building 2/14 entries 3272/3300 dependencies 430/693 modules
<s> [webpack.Progress] 17% building 2/14 entries 4100/4192 dependencies 628/849 modules
<s> [webpack.Progress] 18% building 2/14 entries 4600/4669 dependencies 748/963 modules
<s> [webpack.Progress] 22% building 3/14 entries 5330/5374 dependencies 1120/1241 modules
<s> [webpack.Progress] 25% building 4/14 entries 5330/5374 dependencies 1121/1241 modules
<s> [webpack.Progress] 29% building 5/14 entries 5330/5374 dependencies 1122/1241 modules
<s> [webpack.Progress] 33% building 6/14 entries 5330/5374 dependencies 1123/1241 modules
<s> [webpack.Progress] 37% building 7/14 entries 5330/5374 dependencies 1124/1241 modules
<s> [webpack.Progress] 41% building 8/14 entries 5330/5374 dependencies 1125/1241 modules
<s> [webpack.Progress] 45% building 9/14 entries 5330/5374 dependencies 1126/1241 modules
<s> [webpack.Progress] 49% building 10/14 entries 5330/5374 dependencies 1127/1241 modules
<s> [webpack.Progress] 53% building 11/14 entries 5330/5374 dependencies 1128/1241 modules
<s> [webpack.Progress] 57% building 12/14 entries 5375/5452 dependencies 1157/1248 modules
<s> [webpack.Progress] 61% building 13/14 entries 5792/5794 dependencies 1303/1325 modules
<s> [webpack.Progress] 65% building 14/14 entries 5809/5809 dependencies 1334/1334 modules
<s> [webpack.Progress] 65% building
<s> [webpack.Progress] 69% building finish
<s> [webpack.Progress] 69% building finish
<s> [webpack.Progress] 70% sealing finish module graph
<s> [webpack.Progress] 70% sealing finish module graph ResolverCachePlugin
<s> [webpack.Progress] 70% sealing finish module graph InferAsyncModulesPlugin
<s> [webpack.Progress] 70% sealing finish module graph FlagDependencyExportsPlugin
<s> [webpack.Progress] 70% sealing finish module graph InnerGraphPlugin
<s> [webpack.Progress] 70% sealing finish module graph WasmFinalizeExportsPlugin
<s> [webpack.Progress] 70% sealing finish module graph
<s> [webpack.Progress] 70% sealing plugins
<s> [webpack.Progress] 70% sealing plugins DocGenPlugin
<s> [webpack.Progress] 70% sealing plugins WarnCaseSensitiveModulesPlugin
<s> [webpack.Progress] 70% sealing plugins
<s> [webpack.Progress] 71% sealing dependencies optimization
<s> [webpack.Progress] 71% sealing dependencies optimization SideEffectsFlagPlugin
<s> [webpack.Progress] 71% sealing dependencies optimization FlagDependencyUsagePlugin
<s> [webpack.Progress] 71% sealing dependencies optimization
<s> [webpack.Progress] 71% sealing after dependencies optimization
<s> [webpack.Progress] 71% sealing after dependencies optimization
<s> [webpack.Progress] 72% sealing chunk graph
<s> [webpack.Progress] 72% sealing chunk graph
<s> [webpack.Progress] 73% sealing after chunk graph
<s> [webpack.Progress] 73% sealing after chunk graph
<s> [webpack.Progress] 73% sealing optimizing
<s> [webpack.Progress] 73% sealing optimizing
<s> [webpack.Progress] 74% sealing module optimization
<s> [webpack.Progress] 74% sealing module optimization
<s> [webpack.Progress] 75% sealing after module optimization
<s> [webpack.Progress] 75% sealing after module optimization
<s> [webpack.Progress] 75% sealing chunk optimization
<s> [webpack.Progress] 75% sealing chunk optimization EnsureChunkConditionsPlugin
<s> [webpack.Progress] 75% sealing chunk optimization RemoveEmptyChunksPlugin
<s> [webpack.Progress] 75% sealing chunk optimization MergeDuplicateChunksPlugin
<s> [webpack.Progress] 75% sealing chunk optimization SplitChunksPlugin
<s> [webpack.Progress] 75% sealing chunk optimization RemoveEmptyChunksPlugin
<s> [webpack.Progress] 75% sealing chunk optimization
<s> [webpack.Progress] 76% sealing after chunk optimization
<s> [webpack.Progress] 76% sealing after chunk optimization
<s> [webpack.Progress] 77% sealing module and chunk tree optimization
<s> [webpack.Progress] 77% sealing module and chunk tree optimization PersistentChildCompilerSingletonPlugin
<s> [webpack.Progress] 77% sealing module and chunk tree optimization
<s> [webpack.Progress] 77% sealing after module and chunk tree optimization
<s> [webpack.Progress] 77% sealing after module and chunk tree optimization
<s> [webpack.Progress] 78% sealing chunk modules optimization
<s> [webpack.Progress] 78% sealing chunk modules optimization ModuleConcatenationPlugin
<s> [webpack.Progress] 78% sealing chunk modules optimization
<s> [webpack.Progress] 78% sealing after chunk modules optimization
<s> [webpack.Progress] 78% sealing after chunk modules optimization
<s> [webpack.Progress] 79% sealing module reviving
<s> [webpack.Progress] 79% sealing module reviving RecordIdsPlugin
<s> [webpack.Progress] 79% sealing module reviving
<s> [webpack.Progress] 80% sealing before module ids
<s> [webpack.Progress] 80% sealing before module ids
<s> [webpack.Progress] 80% sealing module ids
<s> [webpack.Progress] 80% sealing module ids NamedModuleIdsPlugin
<s> [webpack.Progress] 80% sealing module ids
<s> [webpack.Progress] 81% sealing module id optimization
<s> [webpack.Progress] 81% sealing module id optimization
<s> [webpack.Progress] 82% sealing module id optimization
<s> [webpack.Progress] 82% sealing module id optimization
<s> [webpack.Progress] 82% sealing chunk reviving
<s> [webpack.Progress] 82% sealing chunk reviving RecordIdsPlugin
<s> [webpack.Progress] 82% sealing chunk reviving
<s> [webpack.Progress] 83% sealing before chunk ids
<s> [webpack.Progress] 83% sealing before chunk ids
<s> [webpack.Progress] 84% sealing chunk ids
<s> [webpack.Progress] 84% sealing chunk ids DeterministicChunkIdsPlugin
<s> [webpack.Progress] 84% sealing chunk ids
<s> [webpack.Progress] 84% sealing chunk id optimization
<s> [webpack.Progress] 84% sealing chunk id optimization FlagIncludedChunksPlugin
<s> [webpack.Progress] 84% sealing chunk id optimization
<s> [webpack.Progress] 85% sealing after chunk id optimization
<s> [webpack.Progress] 85% sealing after chunk id optimization
<s> [webpack.Progress] 86% sealing record modules
<s> [webpack.Progress] 86% sealing record modules RecordIdsPlugin
<s> [webpack.Progress] 86% sealing record modules
<s> [webpack.Progress] 86% sealing record chunks
<s> [webpack.Progress] 86% sealing record chunks RecordIdsPlugin
<s> [webpack.Progress] 86% sealing record chunks
<s> [webpack.Progress] 87% sealing module hashing
<s> [webpack.Progress] 87% sealing module hashing
<s> [webpack.Progress] 87% sealing code generation
<s> [webpack.Progress] 87% sealing code generation
<s> [webpack.Progress] 88% sealing runtime requirements
<s> [webpack.Progress] 88% sealing runtime requirements
<s> [webpack.Progress] 89% sealing hashing
<s> [webpack.Progress] 89% sealing hashing
<s> [webpack.Progress] 89% sealing after hashing
<s> [webpack.Progress] 89% sealing after hashing
<s> [webpack.Progress] 90% sealing record hash
<s> [webpack.Progress] 90% sealing record hash
<s> [webpack.Progress] 91% sealing module assets processing
<s> [webpack.Progress] 91% sealing module assets processing
<s> [webpack.Progress] 91% sealing chunk assets processing
<s> [webpack.Progress] 91% sealing chunk assets processing
<s> [webpack.Progress] 92% sealing asset processing
<s> [webpack.Progress] 92% sealing asset processing PersistentChildCompilerSingletonPlugin
<s> [webpack.Progress] 92% sealing asset processing TerserPlugin
info => Manager built (11 s)
<s> [webpack.Progress] 92% sealing asset processing SourceMapDevToolPlugin
<s> [webpack.Progress] 92% sealing asset processing SourceMapDevToolPlugin
<s> [webpack.Progress] 92% sealing asset processing SourceMapDevToolPlugin main.5eb3b852.iframe.bundle.js generate SourceMap
<s> [webpack.Progress] 92% sealing asset processing SourceMapDevToolPlugin main.5eb3b852.iframe.bundle.js generated SourceMap
<s> [webpack.Progress] 92% sealing asset processing SourceMapDevToolPlugin runtime~main.7d8bb206.iframe.bundle.js generate SourceMap
<s> [webpack.Progress] 92% sealing asset processing SourceMapDevToolPlugin runtime~main.7d8bb206.iframe.bundle.js generated SourceMap
<s> [webpack.Progress] 92% sealing asset processing SourceMapDevToolPlugin 701.ffb6e3d9.iframe.bundle.js generate SourceMap
<s> [webpack.Progress] 92% sealing asset processing SourceMapDevToolPlugin 701.ffb6e3d9.iframe.bundle.js generated SourceMap
<s> [webpack.Progress] 92% sealing asset processing SourceMapDevToolPlugin 745.f6faf289.iframe.bundle.js generate SourceMap
<s> [webpack.Progress] 92% sealing asset processing SourceMapDevToolPlugin 745.f6faf289.iframe.bundle.js generated SourceMap
<s> [webpack.Progress] 92% sealing asset processing SourceMapDevToolPlugin 51.b885373d.iframe.bundle.js generate SourceMap
<s> [webpack.Progress] 92% sealing asset processing SourceMapDevToolPlugin 51.b885373d.iframe.bundle.js generated SourceMap
<s> [webpack.Progress] 92% sealing asset processing SourceMapDevToolPlugin 807.b4878692.iframe.bundle.js generate SourceMap
<s> [webpack.Progress] 92% sealing asset processing SourceMapDevToolPlugin 807.b4878692.iframe.bundle.js generated SourceMap
<s> [webpack.Progress] 92% sealing asset processing SourceMapDevToolPlugin 551.3c371611.iframe.bundle.js generate SourceMap
<s> [webpack.Progress] 92% sealing asset processing SourceMapDevToolPlugin 551.3c371611.iframe.bundle.js generated SourceMap
<s> [webpack.Progress] 92% sealing asset processing SourceMapDevToolPlugin 897.1f1239e2.iframe.bundle.js generate SourceMap
<s> [webpack.Progress] 92% sealing asset processing SourceMapDevToolPlugin 897.1f1239e2.iframe.bundle.js generated SourceMap
<s> [webpack.Progress] 92% sealing asset processing SourceMapDevToolPlugin 229.2189442e.iframe.bundle.js generate SourceMap
<s> [webpack.Progress] 92% sealing asset processing SourceMapDevToolPlugin 229.2189442e.iframe.bundle.js generated SourceMap
<s> [webpack.Progress] 92% sealing asset processing SourceMapDevToolPlugin 935.b2ff10e3.iframe.bundle.js generate SourceMap
<s> [webpack.Progress] 92% sealing asset processing SourceMapDevToolPlugin 935.b2ff10e3.iframe.bundle.js generated SourceMap
<s> [webpack.Progress] 92% sealing asset processing SourceMapDevToolPlugin 482.4a69c895.iframe.bundle.js generate SourceMap
<s> [webpack.Progress] 92% sealing asset processing SourceMapDevToolPlugin 482.4a69c895.iframe.bundle.js generated SourceMap
<s> [webpack.Progress] 92% sealing asset processing SourceMapDevToolPlugin resolve sources
<s> [webpack.Progress] 92% sealing asset processing SourceMapDevToolPlugin
<s> [webpack.Progress] 92% sealing asset processing HtmlWebpackPlugin
<s> [webpack.Progress] 92% sealing asset processing HtmlWebpackPlugin
<s> [webpack.Progress] 92% sealing asset processing HtmlWebpackPlugin resolve sources
<s> [webpack.Progress] 92% sealing asset processing HtmlWebpackPlugin
<s> [webpack.Progress] 92% sealing asset processing RealContentHashPlugin
<s> [webpack.Progress] 92% sealing asset processing RealContentHashPlugin
<s> [webpack.Progress] 92% sealing asset processing RealContentHashPlugin runtime~main.5241c45a.iframe.bundle.js generate SourceMap
<s> [webpack.Progress] 92% sealing asset processing RealContentHashPlugin runtime~main.5241c45a.iframe.bundle.js generated SourceMap
<s> [webpack.Progress] 92% sealing asset processing RealContentHashPlugin 701.0e46b5f9.iframe.bundle.js generate SourceMap
<s> [webpack.Progress] 92% sealing asset processing RealContentHashPlugin 701.0e46b5f9.iframe.bundle.js generated SourceMap
<s> [webpack.Progress] 92% sealing asset processing RealContentHashPlugin 745.fedd60d2.iframe.bundle.js generate SourceMap
<s> [webpack.Progress] 92% sealing asset processing RealContentHashPlugin 745.fedd60d2.iframe.bundle.js generated SourceMap
<s> [webpack.Progress] 92% sealing asset processing RealContentHashPlugin 551.06974a91.iframe.bundle.js generate SourceMap
<s> [webpack.Progress] 92% sealing asset processing RealContentHashPlugin 551.06974a91.iframe.bundle.js generated SourceMap
<s> [webpack.Progress] 92% sealing asset processing RealContentHashPlugin 229.98c4859c.iframe.bundle.js generate SourceMap
<s> [webpack.Progress] 92% sealing asset processing RealContentHashPlugin 229.98c4859c.iframe.bundle.js generated SourceMap
<s> [webpack.Progress] 92% sealing asset processing RealContentHashPlugin 935.2d1f7f6d.iframe.bundle.js generate SourceMap
<s> [webpack.Progress] 92% sealing asset processing RealContentHashPlugin 935.2d1f7f6d.iframe.bundle.js generated SourceMap
<s> [webpack.Progress] 92% sealing asset processing RealContentHashPlugin main.06331e05.iframe.bundle.js generate SourceMap
<s> [webpack.Progress] 92% sealing asset processing RealContentHashPlugin main.06331e05.iframe.bundle.js generated SourceMap
<s> [webpack.Progress] 92% sealing asset processing RealContentHashPlugin 51.4c6a7b59.iframe.bundle.js generate SourceMap
<s> [webpack.Progress] 92% sealing asset processing RealContentHashPlugin 51.4c6a7b59.iframe.bundle.js generated SourceMap
<s> [webpack.Progress] 92% sealing asset processing RealContentHashPlugin 807.cc626f0b.iframe.bundle.js generate SourceMap
<s> [webpack.Progress] 92% sealing asset processing RealContentHashPlugin 807.cc626f0b.iframe.bundle.js generated SourceMap
<s> [webpack.Progress] 92% sealing asset processing RealContentHashPlugin 897.88497b81.iframe.bundle.js generate SourceMap
<s> [webpack.Progress] 92% sealing asset processing RealContentHashPlugin 897.88497b81.iframe.bundle.js generated SourceMap
<s> [webpack.Progress] 92% sealing asset processing RealContentHashPlugin 482.821c07c0.iframe.bundle.js generate SourceMap
<s> [webpack.Progress] 92% sealing asset processing RealContentHashPlugin 482.821c07c0.iframe.bundle.js generated SourceMap
<s> [webpack.Progress] 92% sealing asset processing RealContentHashPlugin resolve sources
<s> [webpack.Progress] 92% sealing asset processing RealContentHashPlugin
<s> [webpack.Progress] 92% sealing asset processing
<s> [webpack.Progress] 93% sealing after asset optimization
<s> [webpack.Progress] 93% sealing after asset optimization
<s> [webpack.Progress] 93% sealing recording
<s> [webpack.Progress] 93% sealing recording
<s> [webpack.Progress] 94% sealing after seal
<s> [webpack.Progress] 94% sealing after seal
<s> [webpack.Progress] 95% emitting emit
<s> [webpack.Progress] 95% emitting emit
<s> [webpack.Progress] 98% emitting after emit
<s> [webpack.Progress] 98% emitting after emit SizeLimitsPlugin
<s> [webpack.Progress] 98% emitting after emit
<s> [webpack.Progress] 99% done plugins
<s> [webpack.Progress] 99% done plugins CaseSensitivePathsPlugin
<s> [webpack.Progress] 99% done plugins
<s> [webpack.Progress] 99% 

<s> [webpack.Progress] 99% cache store build dependencies
<s> [webpack.Progress] 99% cache store build dependencies
<s> [webpack.Progress] 99% cache begin idle
<s> [webpack.Progress] 99% cache begin idle
<s> [webpack.Progress] 100% 

info => Preview built (14 s)
WARN export 'mdx' (imported as 'mdx') was not found in '@mdx-js/react' (possible exports: MDXContext, MDXProvider, useMDXComponents, withMDXComponents)
WARN export 'mdx' (imported as 'mdx') was not found in '@mdx-js/react' (possible exports: MDXContext, MDXProvider, useMDXComponents, withMDXComponents)
WARN export 'mdx' (imported as 'mdx') was not found in '@mdx-js/react' (possible exports: MDXContext, MDXProvider, useMDXComponents, withMDXComponents)
WARN export 'mdx' (imported as 'mdx') was not found in '@mdx-js/react' (possible exports: MDXContext, MDXProvider, useMDXComponents, withMDXComponents)
WARN export 'mdx' (imported as 'mdx') was not found in '@mdx-js/react' (possible exports: MDXContext, MDXProvider, useMDXComponents, withMDXComponents)
WARN export 'mdx' (imported as 'mdx') was not found in '@mdx-js/react' (possible exports: MDXContext, MDXProvider, useMDXComponents, withMDXComponents)
WARN export 'mdx' (imported as 'mdx') was not found in '@mdx-js/react' (possible exports: MDXContext, MDXProvider, useMDXComponents, withMDXComponents)
WARN export 'mdx' (imported as 'mdx') was not found in '@mdx-js/react' (possible exports: MDXContext, MDXProvider, useMDXComponents, withMDXComponents)
WARN export 'mdx' (imported as 'mdx') was not found in '@mdx-js/react' (possible exports: MDXContext, MDXProvider, useMDXComponents, withMDXComponents)
WARN export 'mdx' (imported as 'mdx') was not found in '@mdx-js/react' (possible exports: MDXContext, MDXProvider, useMDXComponents, withMDXComponents)
WARN export 'mdx' (imported as 'mdx') was not found in '@mdx-js/react' (possible exports: MDXContext, MDXProvider, useMDXComponents, withMDXComponents)
WARN export 'mdx' (imported as 'mdx') was not found in '@mdx-js/react' (possible exports: MDXContext, MDXProvider, useMDXComponents, withMDXComponents)
WARN export 'mdx' (imported as 'mdx') was not found in '@mdx-js/react' (possible exports: MDXContext, MDXProvider, useMDXComponents, withMDXComponents)
WARN export 'mdx' (imported as 'mdx') was not found in '@mdx-js/react' (possible exports: MDXContext, MDXProvider, useMDXComponents, withMDXComponents)
WARN export 'mdx' (imported as 'mdx') was not found in '@mdx-js/react' (possible exports: MDXContext, MDXProvider, useMDXComponents, withMDXComponents)
WARN export 'mdx' (imported as 'mdx') was not found in '@mdx-js/react' (possible exports: MDXContext, MDXProvider, useMDXComponents, withMDXComponents)
WARN export 'mdx' (imported as 'mdx') was not found in '@mdx-js/react' (possible exports: MDXContext, MDXProvider, useMDXComponents, withMDXComponents)
WARN export 'mdx' (imported as 'mdx') was not found in '@mdx-js/react' (possible exports: MDXContext, MDXProvider, useMDXComponents, withMDXComponents)
WARN export 'mdx' (imported as 'mdx') was not found in '@mdx-js/react' (possible exports: MDXContext, MDXProvider, useMDXComponents, withMDXComponents)
WARN export 'mdx' (imported as 'mdx') was not found in '@mdx-js/react' (possible exports: MDXContext, MDXProvider, useMDXComponents, withMDXComponents)
WARN export 'mdx' (imported as 'mdx') was not found in '@mdx-js/react' (possible exports: MDXContext, MDXProvider, useMDXComponents, withMDXComponents)
WARN export 'mdx' (imported as 'mdx') was not found in '@mdx-js/react' (possible exports: MDXContext, MDXProvider, useMDXComponents, withMDXComponents)
WARN export 'mdx' (imported as 'mdx') was not found in '@mdx-js/react' (possible exports: MDXContext, MDXProvider, useMDXComponents, withMDXComponents)
WARN export 'mdx' (imported as 'mdx') was not found in '@mdx-js/react' (possible exports: MDXContext, MDXProvider, useMDXComponents, withMDXComponents)
WARN export 'mdx' (imported as 'mdx') was not found in '@mdx-js/react' (possible exports: MDXContext, MDXProvider, useMDXComponents, withMDXComponents)
WARN export 'mdx' (imported as 'mdx') was not found in '@mdx-js/react' (possible exports: MDXContext, MDXProvider, useMDXComponents, withMDXComponents)
WARN export 'mdx' (imported as 'mdx') was not found in '@mdx-js/react' (possible exports: MDXContext, MDXProvider, useMDXComponents, withMDXComponents)
WARN export 'mdx' (imported as 'mdx') was not found in '@mdx-js/react' (possible exports: MDXContext, MDXProvider, useMDXComponents, withMDXComponents)
WARN export 'mdx' (imported as 'mdx') was not found in '@mdx-js/react' (possible exports: MDXContext, MDXProvider, useMDXComponents, withMDXComponents)
WARN export 'mdx' (imported as 'mdx') was not found in '@mdx-js/react' (possible exports: MDXContext, MDXProvider, useMDXComponents, withMDXComponents)
WARN export 'mdx' (imported as 'mdx') was not found in '@mdx-js/react' (possible exports: MDXContext, MDXProvider, useMDXComponents, withMDXComponents)
WARN export 'mdx' (imported as 'mdx') was not found in '@mdx-js/react' (possible exports: MDXContext, MDXProvider, useMDXComponents, withMDXComponents)
WARN export 'mdx' (imported as 'mdx') was not found in '@mdx-js/react' (possible exports: MDXContext, MDXProvider, useMDXComponents, withMDXComponents)
WARN export 'mdx' (imported as 'mdx') was not found in '@mdx-js/react' (possible exports: MDXContext, MDXProvider, useMDXComponents, withMDXComponents)
WARN export 'mdx' (imported as 'mdx') was not found in '@mdx-js/react' (possible exports: MDXContext, MDXProvider, useMDXComponents, withMDXComponents)
WARN export 'mdx' (imported as 'mdx') was not found in '@mdx-js/react' (possible exports: MDXContext, MDXProvider, useMDXComponents, withMDXComponents)
WARN export 'mdx' (imported as 'mdx') was not found in '@mdx-js/react' (possible exports: MDXContext, MDXProvider, useMDXComponents, withMDXComponents)
WARN export 'mdx' (imported as 'mdx') was not found in '@mdx-js/react' (possible exports: MDXContext, MDXProvider, useMDXComponents, withMDXComponents)
WARN export 'mdx' (imported as 'mdx') was not found in '@mdx-js/react' (possible exports: MDXContext, MDXProvider, useMDXComponents, withMDXComponents)
WARN export 'mdx' (imported as 'mdx') was not found in '@mdx-js/react' (possible exports: MDXContext, MDXProvider, useMDXComponents, withMDXComponents)
WARN export 'mdx' (imported as 'mdx') was not found in '@mdx-js/react' (possible exports: MDXContext, MDXProvider, useMDXComponents, withMDXComponents)
WARN export 'mdx' (imported as 'mdx') was not found in '@mdx-js/react' (possible exports: MDXContext, MDXProvider, useMDXComponents, withMDXComponents)
WARN export 'mdx' (imported as 'mdx') was not found in '@mdx-js/react' (possible exports: MDXContext, MDXProvider, useMDXComponents, withMDXComponents)
WARN export 'mdx' (imported as 'mdx') was not found in '@mdx-js/react' (possible exports: MDXContext, MDXProvider, useMDXComponents, withMDXComponents)
WARN export 'mdx' (imported as 'mdx') was not found in '@mdx-js/react' (possible exports: MDXContext, MDXProvider, useMDXComponents, withMDXComponents)
WARN export 'mdx' (imported as 'mdx') was not found in '@mdx-js/react' (possible exports: MDXContext, MDXProvider, useMDXComponents, withMDXComponents)
WARN export 'mdx' (imported as 'mdx') was not found in '@mdx-js/react' (possible exports: MDXContext, MDXProvider, useMDXComponents, withMDXComponents)
WARN export 'mdx' (imported as 'mdx') was not found in '@mdx-js/react' (possible exports: MDXContext, MDXProvider, useMDXComponents, withMDXComponents)
WARN export 'mdx' (imported as 'mdx') was not found in '@mdx-js/react' (possible exports: MDXContext, MDXProvider, useMDXComponents, withMDXComponents)
WARN export 'mdx' (imported as 'mdx') was not found in '@mdx-js/react' (possible exports: MDXContext, MDXProvider, useMDXComponents, withMDXComponents)
WARN export 'mdx' (imported as 'mdx') was not found in '@mdx-js/react' (possible exports: MDXContext, MDXProvider, useMDXComponents, withMDXComponents)
WARN asset size limit: The following asset(s) exceed the recommended size limit (244 KiB).
WARN This can impact web performance.
WARN Assets: 
WARN   807.cc626f0b.iframe.bundle.js (793 KiB)
WARN   482.821c07c0.iframe.bundle.js (2.63 MiB)
WARN entrypoint size limit: The following entrypoint(s) combined asset size exceeds the recommended limit (244 KiB). This can impact web performance.
WARN Entrypoints:
WARN   main (2.7 MiB)
WARN       runtime~main.5241c45a.iframe.bundle.js
WARN       482.821c07c0.iframe.bundle.js
WARN       main.06331e05.iframe.bundle.js
WARN 
<s> [webpack.Progress] 99% cache shutdown
<s> [webpack.Progress] 99% cache shutdown
<s> [webpack.Progress] 100% 

info => Output directory: /tmp/chromatic--17776-V3v57ITG2XEn
